<?xml version="1.0" encoding="UTF-8"?>
<testsuite name="SILab2Test" tests="2" skipped="0" failures="0" errors="0" timestamp="2022-05-18T21:35:03" hostname="MONIKA-S" time="0.026">
  <properties/>
  <testcase name="EveryBranchFunction()" classname="SILab2Test" time="0.024"/>
  <testcase name="everyStateFunction()" classname="SILab2Test" time="0.001"/>
  <system-out><![CDATA[]]></system-out>
  <system-err><![CDATA[]]></system-err>
</testsuite>
